<?xml version="1.0" encoding="UTF-8"?>
<!-- Generated by org.testng.reporters.JUnitReportReporter -->
<testsuite hostname="DESKTOP-MA7R2J8" failures="0" tests="1" name="kaopiz.testcases.demo" time="16.807" errors="0" timestamp="2023-02-28T21:01:29 ICT" skipped="0">
  <testcase classname="kaopiz.testcases.demo" name="testLoginSuccess" time="16.807"/>
  <system-out/>
</testsuite> <!-- kaopiz.testcases.demo -->
