<?xml version="1.0" encoding="UTF-8"?>
<!-- Generated by org.testng.reporters.JUnitReportReporter -->
<testsuite hostname="DESKTOP-MA7R2J8" failures="0" tests="2" name="kaopiz.testcases.TestScript2" time="19.846" errors="0" timestamp="2023-03-01T00:00:45 ICT" skipped="0">
  <testcase classname="kaopiz.testcases.TestScript2" name="testPlaceholder" time="6.520"/>
  <system-out/>
  <testcase classname="kaopiz.testcases.TestScript2" name="testLoginSuccess" time="13.326"/>
  <system-out/>
</testsuite> <!-- kaopiz.testcases.TestScript2 -->
